@echo off
chcp 65001 > nul
setlocal enabledelayedexpansion

echo ğŸ”’ TEST RAPIDE DU SYSTÃˆME DE SÃ‰CURITÃ‰
echo ======================================

REM DÃ©tecter l'environnement Python
set "PYTHON_EXE="
if exist "C:\Users\berou\AppData\Local\NVIDIA\ChatWithRTX\env_nvd_rag\python.exe" (
    set "PYTHON_EXE=C:\Users\berou\AppData\Local\NVIDIA\ChatWithRTX\env_nvd_rag\python.exe"
) else (
    set "PYTHON_EXE=python"
)

echo ğŸ Python: !PYTHON_EXE!

REM S'assurer que le dossier reports existe
if not exist "commit_reports" mkdir "commit_reports"

echo ğŸ“ Test rapide des composants critiques...

echo.
echo âœ… Test syntaxe Python...
"%PYTHON_EXE%" -m py_compile app_final.py >nul 2>&1
if errorlevel 1 (
    echo âŒ Erreur syntaxe Python
    set "TEST_FAILED=1"
) else (
    echo âœ… Syntaxe Python OK
)

echo.
echo âœ… Test application principale...
"%PYTHON_EXE%" app_final.py --test >nul 2>&1
if errorlevel 1 (
    echo âŒ Application principale Ã©choue
    set "TEST_FAILED=1"
) else (
    echo âœ… Application principale OK
)

echo.
echo âœ… Test base de donnÃ©es...
if exist "cartes.db" (
    echo âœ… Base de donnÃ©es prÃ©sente
) else (
    echo âŒ Base de donnÃ©es manquante
    set "TEST_FAILED=1"
)

echo.
echo âœ… Test structure projet...
if exist "lib" if exist "lang" if exist "config" (
    echo âœ… Structure projet OK
) else (
    echo âŒ Structure projet incomplÃ¨te
    set "TEST_FAILED=1"
)

echo.
echo ğŸ§ª Test complet application (simulation utilisateur)...
"%PYTHON_EXE%" dev\test_application_complete.py >nul 2>&1
if errorlevel 1 (
    echo âŒ Test complet application Ã©chouÃ©
    set "TEST_FAILED=1"
) else (
    echo âœ… Test complet application OK
)

echo.
echo ğŸ¯ RÃ‰SULTAT FINAL
echo ================
if "%TEST_FAILED%"=="1" (
    echo âŒ DES PROBLÃˆMES DÃ‰TECTÃ‰S
    echo âš ï¸  Corrigez les erreurs avant de commiter
    exit /b 1
) else (
    echo âœ… TOUS LES TESTS PASSENT
    echo ğŸš€ SystÃ¨me prÃªt pour commit sÃ©curisÃ©
    exit /b 0
)
