{
  "metadata": {
    "timestamp": "20250822_092130",
    "date": "2025-08-22T09:21:36.753051",
    "project": "editeur-cartes-love2d",
    "python_executable": "C:/Users/berou/AppData/Local/NVIDIA/ChatWithRTX/env_nvd_rag/python.exe"
  },
  "tests": {
    "timestamp": "20250822_092130",
    "status": "FAIL",
    "tests": {
      "syntax": {
        "status": "PASS",
        "files_tested": 26,
        "errors": []
      },
      "main_app": {
        "status": "PASS",
        "output": "[INFO] Execution des tests...\n[INFO] Creation de la nouvelle base de donnees...\n[SUCCESS] Base de donnees creee avec le schema actuel\n",
        "errors": "test_build_enemy_lua_full_structure (lib.tests.TestLuaHelpers) ... ok\ntest_build_hero_lua_full_structure (lib.tests.TestLuaHelpers) ... ok\ntest_build_types_lua (lib.tests.TestLuaHelpers) ... ok\ntest_lua_escape_quotes_and_newlines (lib.tests.TestLuaHelpers) ... ok\ntest_build_card_lua_includes_rarete_and_type (lib.tests.TestRarityAndTypes) ... ok\ntest_defaults (lib.tests.TestRarityAndTypes) ... ok\ntest_export_lua_creates_file_with_header_footer (lib.tests.TestExport) ... ok\n\n----------------------------------------------------------------------\nRan 7 tests in 0.047s\n\nOK\n"
      },
      "database": {
        "status": "PASS",
        "output": "Validation rapide de la base de donnees...\nSucces: Base de donnees valide (5 tables)\n\n==================================================\n",
        "errors": ""
      },
      "configuration": {
        "status": "PASS",
        "output": "Configuration de l'environnement Python\n==================================================\nğŸ” Test de l'environnement Python...\nğŸ“ ExÃ©cutable Python: C:/Users/berou/AppData/Local/NVIDIA/ChatWithRTX/env_nvd_rag/python.exe\nâœ… Version: Python 3.10.13\nâœ… Import basique: OK\nâœ… Tests du projet: OK\n\nğŸ› ï¸  CrÃ©ation des scripts de lancement...\nâœ… Scripts de lancement crÃ©Ã©s:\n   - run_app.bat (Windows)\n   - run_app.ps1 (PowerShell)\nâœ… Script de tests crÃ©Ã©: run_tests.bat\nâœ… Script d'organisation crÃ©Ã©: run_organize.bat\n\nğŸ‰ Configuration terminÃ©e avec succÃ¨s !\n\nğŸ’¡ Utilisation:\n   â€¢ Double-cliquez sur run_app.bat pour lancer l'application\n   â€¢ Double-cliquez sur run_tests.bat pour lancer les tests\n   â€¢ Double-cliquez sur run_organize.bat pour organiser le projet\n\nğŸ“ Note: Ces scripts utilisent le bon environnement Python\n   et Ã©vitent l'erreur 'Python est introuvable'\n",
        "errors": ""
      },
      "validation": {
        "status": "FAIL",
        "output": "VALIDATION AUTOMATISEE DES TESTS\n============================================================\nğŸ“… Date : 2025-08-22 09:21:32\n\nğŸ” VALIDATION SYNTAXE ET IMPORTS\n==================================================\nğŸ“ Test syntaxe : test_actors_complet\n   âœ… Syntaxe OK\n   âœ… Import OK\nğŸ“ Test syntaxe : test_clear_data\n   âœ… Syntaxe OK\n   âœ… Import OK\nğŸ“ Test syntaxe : test_compat\n   âœ… Syntaxe OK\n   âœ… Import OK\nğŸ“ Test syntaxe : test_correction\n   âœ… Syntaxe OK\n   âŒ Erreur import: Traceback (most recent call last):\n  File \"<string>\", line 1, in <module>\n  File \"C:\\Users\\berou\\Dow...\nğŸ“ Test syntaxe : test_correction_import\n   âœ… Syntaxe OK\n   âœ… Import OK\nğŸ“ Test syntaxe : test_deck_viewer\n   âœ… Syntaxe OK\n   âœ… Import OK\nğŸ“ Test syntaxe : test_deck_viewer_actors\n   âœ… Syntaxe OK\n   âœ… Import OK\nğŸ“ Test syntaxe : test_export_paths\n   âœ… Syntaxe OK\n   âœ… Import OK\nğŸ“ Test syntaxe : test_export_reel\n   âœ… Syntaxe OK\n   âœ… Import OK\nğŸ“ Test syntaxe : test_final_lua\n   âœ… Syntaxe OK\n   âœ… Import OK\nğŸ“ Test syntaxe : test_final_verification\n   âœ… Syntaxe OK\n   âœ… Import OK\nğŸ“ Test syntaxe : test_gestion_acteurs\n   âœ… Syntaxe OK\n   âœ… Import OK\nğŸ“ Test syntaxe : test_github_migration\n   âœ… Syntaxe OK\n   âœ… Import OK\nğŸ“ Test syntaxe : test_guide\n   âœ… Syntaxe OK\n   âœ… Import OK\nğŸ“ Test syntaxe : test_image_display\n   âœ… Syntaxe OK\n   âœ… Import OK\nğŸ“ Test syntaxe : test_image_persistence\n   âœ… Syntaxe OK\n   âœ… Import OK\nğŸ“ Test syntaxe : test_integration\n   âœ… Syntaxe OK\n   âœ… Import OK\nğŸ“ Test syntaxe : test_integration_simple\n   âœ… Syntaxe OK\n   âœ… Import OK\nğŸ“ Test syntaxe : test_interface_acteurs\n   âœ… Syntaxe OK\n   âœ… Import OK\nğŸ“ Test syntaxe : test_interface_complete\n   âœ… Syntaxe OK\n   âœ… Import OK\nğŸ“ Test syntaxe : test_liaisons_acteurs\n   âœ… Syntaxe OK\n   âœ… Import OK\nğŸ“ Test syntaxe : test_load_card_fix\n   âœ… Syntaxe OK\n   âœ… Import OK\nğŸ“ Test syntaxe : test_lua_export\n   âœ… Syntaxe OK\n   âœ… Import OK\nğŸ“ Test syntaxe : test_lua_integrity\n   âœ… Syntaxe OK\n   âœ… Import OK\nğŸ“ Test syntaxe : test_migration\n   âœ… Syntaxe OK\n   âœ… Import OK\nğŸ“ Test syntaxe : test_new\n   âœ… Syntaxe OK\n   âœ… Import OK\nğŸ“ Test syntaxe : test_nouveau_export\n   âœ… Syntaxe OK\n   âœ… Import OK\nğŸ“ Test syntaxe : test_nouveau_raccourci\n   âœ… Syntaxe OK\n   âœ… Import OK\nğŸ“ Test syntaxe : test_original_images\n   âœ… Syntaxe OK\n   âœ… Import OK\nğŸ“ Test syntaxe : test_rarity_advanced\n   âœ… Syntaxe OK\n   âœ… Import OK\nğŸ“ Test syntaxe : test_rarity_change\n   âœ… Syntaxe OK\n   âœ… Import OK\nğŸ“ Test syntaxe : test_rarity_complete\n   âœ… Syntaxe OK\n   âœ… Import OK\nğŸ“ Test syntaxe : test_rarity_validation\n   âœ… Syntaxe OK\n   âœ… Import OK\nğŸ“ Test syntaxe : test_scenario_github\n   âœ… Syntaxe OK\n   âœ… Import OK\nğŸ“ Test syntaxe : test_selection_multiple\n   âœ… Syntaxe OK\n   âœ… Import OK\nğŸ“ Test syntaxe : test_simple\n   âœ… Syntaxe OK\n   âœ… Import OK\nğŸ“ Test syntaxe : test_template_migration\n   âœ… Syntaxe OK\n   âœ… Import OK\nğŸ“ Test syntaxe : test_template_organization\n   âœ… Syntaxe OK\n   âœ… Import OK\nğŸ“ Test syntaxe : test_utils\n   âœ… Syntaxe OK\n   âœ… Import OK\nğŸ“ Test syntaxe : test_validation_finale\n   âœ… Syntaxe OK\n   âœ… Import OK\n\nğŸš€ VALIDATION EXÃ‰CUTION DIRECTE\n==================================================\nğŸ§ª Test direct : test_simple\n   âœ… ExÃ©cution OK\nğŸ§ª Test direct : test_compat\n   âœ… ExÃ©cution OK\nğŸ§ª Test direct : test_migration\n   âŒ Ã‰chec: Traceback (most recent call last):\n  File \"C:\\Users\\berou\\Downloads\\Nouveau dossier\\tests\\test_migra...\nğŸ§ª Test direct : test_lua_export\n   âŒ Ã‰chec: Traceback (most recent call last):\n  File \"C:\\Users\\berou\\Downloads\\Nouveau dossier\\tests\\test_lua_e...\nğŸ§ª Test direct : test_template_organization\n   âŒ Ã‰chec: Traceback (most recent call last):\n  File \"C:\\Users\\berou\\Downloads\\Nouveau dossier\\tests\\test_templ...\n\n============================================================\nRAPPORT DE VALIDATION AUTOMATISEE\n============================================================\nğŸ“ Syntaxe & Imports : 39/40 OK (97.5%)\nğŸš€ ExÃ©cution directe : 2/5 OK (40.0%)\n\nğŸ“‹ DÃ‰TAIL DES RÃ‰SULTATS :\n------------------------------\nâœ… âœ… test_actors_complet       - Non testÃ©\nâœ… âœ… test_clear_data           - Non testÃ©\nâœ… âœ… test_compat               - Direct execution OK\nâŒ âœ… test_correction           - Non testÃ©\nâœ… âœ… test_correction_import    - Non testÃ©\nâœ… âœ… test_deck_viewer          - Non testÃ©\nâœ… âœ… test_deck_viewer_actors   - Non testÃ©\nâœ… âœ… test_export_paths         - Non testÃ©\nâœ… âœ… test_export_reel          - Non testÃ©\nâœ… âœ… test_final_lua            - Non testÃ©\nâœ… âœ… test_final_verification   - Non testÃ©\nâœ… âœ… test_gestion_acteurs      - Non testÃ©\nâœ… âœ… test_github_migration     - Non testÃ©\nâœ… âœ… test_guide                - Non testÃ©\nâœ… âœ… test_image_display        - Non testÃ©\nâœ… âœ… test_image_persistence    - Non testÃ©\nâœ… âœ… test_integration          - Non testÃ©\nâœ… âœ… test_integration_simple   - Non testÃ©\nâœ… âœ… test_interface_acteurs    - Non testÃ©\nâœ… âœ… test_interface_complete   - Non testÃ©\nâœ… âœ… test_liaisons_acteurs     - Non testÃ©\nâœ… âœ… test_load_card_fix        - Non testÃ©\nâœ… âŒ test_lua_export           - Direct execution failed\nâœ… âœ… test_lua_integrity        - Non testÃ©\nâœ… âŒ test_migration            - Direct execution failed\nâœ… âœ… test_new                  - Non testÃ©\nâœ… âœ… test_nouveau_export       - Non testÃ©\nâœ… âœ… test_nouveau_raccourci    - Non testÃ©\nâœ… âœ… test_original_images      - Non testÃ©\nâœ… âœ… test_rarity_advanced      - Non testÃ©\nâœ… âœ… test_rarity_change        - Non testÃ©\nâœ… âœ… test_rarity_complete      - Non testÃ©\nâœ… âœ… test_rarity_validation    - Non testÃ©\nâœ… âœ… test_scenario_github      - Non testÃ©\nâœ… âœ… test_selection_multiple   - Non testÃ©\nâœ… âœ… test_simple               - Direct execution OK\nâœ… âœ… test_template_migration   - Non testÃ©\nâœ… âŒ test_template_organization - Direct execution failed\nâœ… âœ… test_utils                - Non testÃ©\nâœ… âœ… test_validation_finale    - Non testÃ©\n\nğŸ¯ ANALYSE GLOBALE :\n   ğŸ”§ TrÃ¨s bon ! Quelques ajustements mineurs nÃ©cessaires.\n   â¡ï¸  Corriger les derniers problÃ¨mes de syntaxe.\n\nValidation automatisee terminee !\n",
        "errors": ""
      }
    },
    "summary": {
      "total_tests": 5,
      "passed_tests": 4,
      "failed_tests": 1,
      "success_rate": 80.0
    }
  },
  "audit": {
    "timestamp": "20250822_092130",
    "status": "PASS",
    "checks": {
      "sensitive_files": {
        "status": "PASS",
        "files_found": [],
        "count": 0
      },
      "permissions": {
        "status": "PASS",
        "issues": [],
        "files_checked": 4
      },
      "structure": {
        "status": "PASS",
        "missing_directories": [],
        "missing_files": [],
        "structure_score": 100.0
      },
      "git_status": {
        "status": "PASS",
        "staged_files": 0,
        "modified_files": 0,
        "recent_commits": [
          "7094721 docs: Rapport de dÃ©ploiement systÃ¨me formatage texte",
          "36d6f24 docs: Rapport de synchronisation GitHub complet",
          "e42eda9 feat: SystÃ¨me complet de formatage de texte pour cartes Love2D",
          "fb623a8 docs: Documentation finale - VÃ©rification environnement + RÃ©capitulatif mission complÃ¨te",
          "f66c81f feat: SystÃ¨me de sÃ©curitÃ© prÃ©-commit complet avec validation automatique"
        ]
      },
      "environment": {
        "status": "PASS",
        "python_version": "Python 3.10.13",
        "python_path": "C:/Users/berou/AppData/Local/NVIDIA/ChatWithRTX/env_nvd_rag/python.exe",
        "working_directory": "C:\\Users\\berou\\Downloads\\Nouveau dossier"
      }
    },
    "summary": {
      "total_checks": 5,
      "passed_checks": 5,
      "warning_checks": 0,
      "failed_checks": 0,
      "security_score": 100.0
    }
  },
  "overall_status": "FAIL"
}